[02-Aug-2025 01:22:54 Europe/Berlin] PHP Fatal error:  Cannot redeclare get_all_blog_posts() (previously declared in C:\xampp\htdocs\hearts-after-god-ministry-site\dashboard\includes\blog_functions.php:9) in C:\xampp\htdocs\hearts-after-god-ministry-site\dashboard\includes\blog_functions.php on line 256
[02-Aug-2025 01:26:14 Europe/Berlin] PHP Fatal error:  Cannot redeclare handle_blog_form_submission() (previously declared in C:\xampp\htdocs\hearts-after-god-ministry-site\dashboard\includes\blog_functions.php:60) in C:\xampp\htdocs\hearts-after-god-ministry-site\dashboard\includes\blog_functions.php on line 251
[02-Aug-2025 01:26:16 Europe/Berlin] PHP Fatal error:  Cannot redeclare handle_blog_form_submission() (previously declared in C:\xampp\htdocs\hearts-after-god-ministry-site\dashboard\includes\blog_functions.php:60) in C:\xampp\htdocs\hearts-after-god-ministry-site\dashboard\includes\blog_functions.php on line 251
[02-Aug-2025 01:30:08 Europe/Berlin] PHP Warning:  Undefined variable $pdo in C:\xampp\htdocs\hearts-after-god-ministry-site\dashboard\blog.php on line 36
[02-Aug-2025 01:30:08 Europe/Berlin] PHP Fatal error:  Uncaught Error: Call to a member function query() on null in C:\xampp\htdocs\hearts-after-god-ministry-site\dashboard\includes\blog_functions.php:11
Stack trace:
#0 C:\xampp\htdocs\hearts-after-god-ministry-site\dashboard\blog.php(36): get_all_blog_posts(NULL)
#1 {main}
  thrown in C:\xampp\htdocs\hearts-after-god-ministry-site\dashboard\includes\blog_functions.php on line 11
[02-Aug-2025 01:31:42 Europe/Berlin] PHP Warning:  Undefined variable $success in C:\xampp\htdocs\hearts-after-god-ministry-site\dashboard\blog.php on line 80
[02-Aug-2025 01:31:42 Europe/Berlin] PHP Warning:  Undefined variable $error in C:\xampp\htdocs\hearts-after-god-ministry-site\dashboard\blog.php on line 95
[02-Aug-2025 01:31:42 Europe/Berlin] PHP Warning:  Undefined variable $success in C:\xampp\htdocs\hearts-after-god-ministry-site\dashboard\blog.php on line 80
[02-Aug-2025 01:31:42 Europe/Berlin] PHP Warning:  Undefined variable $error in C:\xampp\htdocs\hearts-after-god-ministry-site\dashboard\blog.php on line 95
[02-Aug-2025 01:31:42 Europe/Berlin] PHP Warning:  Undefined variable $success in C:\xampp\htdocs\hearts-after-god-ministry-site\dashboard\blog.php on line 80
[02-Aug-2025 01:31:42 Europe/Berlin] PHP Warning:  Undefined variable $error in C:\xampp\htdocs\hearts-after-god-ministry-site\dashboard\blog.php on line 95
[02-Aug-2025 01:52:29 Europe/Berlin] Blog form error: SQLSTATE[23000]: Integrity constraint violation: 1062 Duplicate entry 'hello' for key 'slug'
[02-Aug-2025 01:56:27 Europe/Berlin] Blog form error: SQLSTATE[23000]: Integrity constraint violation: 1062 Duplicate entry 'hello' for key 'slug'
[02-Aug-2025 01:57:25 Europe/Berlin] PHP Warning:  Undefined array key "status" in C:\xampp\htdocs\hearts-after-god-ministry-site\dashboard\includes\blog_functions.php on line 69
[02-Aug-2025 01:57:25 Europe/Berlin] Blog form error: Title is required
[02-Aug-2025 02:01:23 Europe/Berlin] PHP Warning:  Undefined array key "status" in C:\xampp\htdocs\hearts-after-god-ministry-site\dashboard\includes\blog_functions.php on line 69
[02-Aug-2025 02:01:23 Europe/Berlin] Blog form error: Title is required
[02-Aug-2025 02:12:41 Europe/Berlin] PHP Warning:  Undefined array key "status" in C:\xampp\htdocs\hearts-after-god-ministry-site\dashboard\includes\blog_functions.php on line 69
[02-Aug-2025 02:12:41 Europe/Berlin] Blog form error: Title is required
[02-Aug-2025 02:18:03 Europe/Berlin] PHP Warning:  Undefined array key "status" in C:\xampp\htdocs\hearts-after-god-ministry-site\dashboard\includes\blog_functions.php on line 69
[02-Aug-2025 02:18:03 Europe/Berlin] Blog form error: Title is required
[02-Aug-2025 02:22:13 Europe/Berlin] PHP Warning:  Undefined array key "status" in C:\xampp\htdocs\hearts-after-god-ministry-site\dashboard\includes\blog_functions.php on line 69
[02-Aug-2025 02:22:13 Europe/Berlin] Blog form error: Title is required
[02-Aug-2025 02:33:43 Europe/Berlin] PHP Warning:  Undefined array key "status" in C:\xampp\htdocs\hearts-after-god-ministry-site\dashboard\includes\blog_functions.php on line 69
[02-Aug-2025 02:33:43 Europe/Berlin] Blog form error: Title is required
[02-Aug-2025 02:36:46 Europe/Berlin] PHP Warning:  Undefined array key "status" in C:\xampp\htdocs\hearts-after-god-ministry-site\dashboard\includes\blog_functions.php on line 69
[02-Aug-2025 02:36:46 Europe/Berlin] Blog form error: Title is required
[02-Aug-2025 02:39:30 Europe/Berlin] Blog form error: Title is required
[02-Aug-2025 02:51:52 Europe/Berlin] Database connection established: Yes
[02-Aug-2025 02:51:52 Europe/Berlin] Executing query: 
            SELECT p.*, u.name as author_name 
            FROM blog_posts p 
            LEFT JOIN users u ON p.author_id = u.id 
            ORDER BY p.created_at DESC
        
[02-Aug-2025 02:51:52 Europe/Berlin] Fetched 16 blog posts
[02-Aug-2025 02:51:52 Europe/Berlin] Number of posts fetched: 16
[02-Aug-2025 02:51:52 Europe/Berlin] Number of categories fetched: 5
[02-Aug-2025 02:51:55 Europe/Berlin] Database connection established: Yes
[02-Aug-2025 02:51:55 Europe/Berlin] Executing query: 
            SELECT p.*, u.name as author_name 
            FROM blog_posts p 
            LEFT JOIN users u ON p.author_id = u.id 
            ORDER BY p.created_at DESC
        
[02-Aug-2025 02:51:55 Europe/Berlin] Fetched 16 blog posts
[02-Aug-2025 02:51:55 Europe/Berlin] Number of posts fetched: 16
[02-Aug-2025 02:51:55 Europe/Berlin] Number of categories fetched: 5
[02-Aug-2025 02:58:07 Europe/Berlin] Session data: Array
(
)

[02-Aug-2025 02:58:07 Europe/Berlin] Fatal error: Call to undefined function getDbConnection() in C:\xampp\htdocs\hearts-after-god-ministry-site\dashboard\includes\admin_layout.php on line 18
[02-Aug-2025 03:18:12 Europe/Berlin] Executing query: 
            SELECT p.*, u.name as author_name 
            FROM blog_posts p 
            LEFT JOIN users u ON p.author_id = u.id 
            ORDER BY p.created_at DESC
        
[02-Aug-2025 03:18:12 Europe/Berlin] Fetched 16 blog posts
[02-Aug-2025 03:45:47 Europe/Berlin] Executing query: 
            SELECT p.*, u.name as author_name 
            FROM blog_posts p 
            LEFT JOIN users u ON p.author_id = u.id 
            ORDER BY p.created_at DESC
        
[02-Aug-2025 03:45:47 Europe/Berlin] Fetched 16 blog posts
[02-Aug-2025 04:10:11 Europe/Berlin] Executing query: 
            SELECT p.*, u.name as author_name 
            FROM blog_posts p 
            LEFT JOIN users u ON p.author_id = u.id 
            ORDER BY p.created_at DESC
        
[02-Aug-2025 04:10:11 Europe/Berlin] Fetched 16 blog posts
[02-Aug-2025 11:44:50 Europe/Berlin] Executing query: 
            SELECT p.*, u.name as author_name 
            FROM blog_posts p 
            LEFT JOIN users u ON p.author_id = u.id 
            ORDER BY p.created_at DESC
        
[02-Aug-2025 11:44:50 Europe/Berlin] Fetched 16 blog posts
[02-Aug-2025 11:45:06 Europe/Berlin] Executing query: 
            SELECT p.*, u.name as author_name 
            FROM blog_posts p 
            LEFT JOIN users u ON p.author_id = u.id 
            ORDER BY p.created_at DESC
        
[02-Aug-2025 11:45:06 Europe/Berlin] Fetched 16 blog posts
[02-Aug-2025 12:20:32 Europe/Berlin] Executing query: 
            SELECT p.*, u.name as author_name 
            FROM blog_posts p 
            LEFT JOIN users u ON p.author_id = u.id 
            ORDER BY p.created_at DESC
        
[02-Aug-2025 12:20:32 Europe/Berlin] Fetched 16 blog posts
